<?xml version="1.0" encoding="UTF-8"?>
<robot generator="Robot 7.0 (Python 3.12.3 on win32)" generated="2024-05-22T15:44:56.824051" rpa="false" schemaversion="5">
<suite id="s1" name="Strings" source="C:\Python\Test_Strings\Test\Strings.robot">
<test id="s1-t1" name="Converting to LowerCase Example" line="6">
<kw name="Convert To Lower Case" owner="String">
<msg time="2024-05-22T15:44:56.887168" level="INFO">${Company_Name} = alten maroc</msg>
<var>${Company_Name}</var>
<arg>ALTEN MAROC</arg>
<doc>Converts string to lower case.</doc>
<status status="PASS" start="2024-05-22T15:44:56.887168" elapsed="0.000000"/>
</kw>
<kw name="Should Be Lower Case" owner="String">
<arg>${Company_Name}</arg>
<doc>Fails if the given ``string`` is not in lower case.</doc>
<status status="PASS" start="2024-05-22T15:44:56.887168" elapsed="0.000000"/>
</kw>
<kw name="Should Be Equal" owner="BuiltIn">
<arg>${Company_Name}</arg>
<arg>alten maroc</arg>
<doc>Fails if the given objects are unequal.</doc>
<status status="PASS" start="2024-05-22T15:44:56.887168" elapsed="0.000000"/>
</kw>
<doc>Convert to LowerCase</doc>
<status status="PASS" start="2024-05-22T15:44:56.871405" elapsed="0.015763"/>
</test>
<test id="s1-t2" name="Converting to UpperCase Example" line="12">
<kw name="Convert To Upper Case" owner="String">
<msg time="2024-05-22T15:44:56.887168" level="INFO">${First_Names} = RIDA &amp; ACHRAF</msg>
<var>${First_Names}</var>
<arg>rida &amp; achraf</arg>
<doc>Converts string to upper case.</doc>
<status status="PASS" start="2024-05-22T15:44:56.887168" elapsed="0.000000"/>
</kw>
<kw name="Should Be Upper Case" owner="String">
<arg>${First_Names}</arg>
<doc>Fails if the given ``string`` is not in upper case.</doc>
<status status="PASS" start="2024-05-22T15:44:56.887168" elapsed="0.000000"/>
</kw>
<kw name="Should Be Equal" owner="BuiltIn">
<arg>${First_Names}</arg>
<arg>RIDA &amp; ACHRAF</arg>
<doc>Fails if the given objects are unequal.</doc>
<status status="PASS" start="2024-05-22T15:44:56.887168" elapsed="0.000000"/>
</kw>
<doc>Convert to UpperCase</doc>
<status status="PASS" start="2024-05-22T15:44:56.887168" elapsed="0.000000"/>
</test>
<test id="s1-t3" name="Remove String Example" line="18">
<kw name="Remove String" owner="String">
<msg time="2024-05-22T15:44:56.887168" level="INFO">${Message} = Alten is the best</msg>
<var>${Message}</var>
<arg>Alten is the Bbest</arg>
<arg>B</arg>
<doc>Removes all ``removables`` from the given ``string``.</doc>
<status status="PASS" start="2024-05-22T15:44:56.887168" elapsed="0.000000"/>
</kw>
<kw name="Should Be Equal" owner="BuiltIn">
<arg>${Message}</arg>
<arg>Alten is the best</arg>
<doc>Fails if the given objects are unequal.</doc>
<status status="PASS" start="2024-05-22T15:44:56.887168" elapsed="0.000000"/>
</kw>
<doc>Remove a string</doc>
<status status="PASS" start="2024-05-22T15:44:56.887168" elapsed="0.000000"/>
</test>
<test id="s1-t4" name="Replace String Example" line="23">
<kw name="Replace String" owner="String">
<msg time="2024-05-22T15:44:56.887168" level="INFO">${New_Message} = Hello everyone!</msg>
<var>${New_Message}</var>
<arg>Hello world!</arg>
<arg>world</arg>
<arg>everyone</arg>
<doc>Replaces ``search_for`` in the given ``string`` with ``replace_with``.</doc>
<status status="PASS" start="2024-05-22T15:44:56.887168" elapsed="0.000000"/>
</kw>
<kw name="Should Be Equal" owner="BuiltIn">
<arg>${New_Message}</arg>
<arg>Hello everyone!</arg>
<doc>Fails if the given objects are unequal.</doc>
<status status="PASS" start="2024-05-22T15:44:56.887168" elapsed="0.000000"/>
</kw>
<doc>Replace a string</doc>
<status status="PASS" start="2024-05-22T15:44:56.887168" elapsed="0.000000"/>
</test>
<doc>Strings Manipulation</doc>
<status status="PASS" start="2024-05-22T15:44:56.840834" elapsed="0.046334"/>
</suite>
<statistics>
<total>
<stat pass="4" fail="0" skip="0">All Tests</stat>
</total>
<tag>
</tag>
<suite>
<stat pass="4" fail="0" skip="0" id="s1" name="Strings">Strings</stat>
</suite>
</statistics>
<errors>
</errors>
</robot>
